2015-12-19 08:28:27 INFO  Search_Scenario:20 - Intializing browser for Cart scenario : add cartGB_12-1.0
2015-12-19 08:28:42 INFO  Search_Scenario:22 - Intializing browser for Cart scenario :add cart has completedGB_12-1.0
2015-12-19 08:28:48 INFO  Search_Scenario:38 - The book searched has been found and selected GB_12 - 1.0
2015-12-19 08:28:50 INFO  Search_Scenario:41 - Buy now functionality completed GB_12 - 1.0
2015-12-19 08:28:52 INFO  Search_Scenario:47 - Book has been added to the cartGB_12 - 1.0
2015-12-19 08:28:55 INFO  Search_Scenario:51 - Signedout from the application for add cartGB_12 - 1.0
2015-12-19 08:28:57 INFO  Search_Scenario:53 - Add Cart scenario completedGB_12 - 1.0
2015-12-19 08:28:57 INFO  Search_Scenario:60 - Intializing browser for Cart scenario : add cartGB_15-1.0
2015-12-19 08:29:10 INFO  Search_Scenario:62 - Intializing browser for Cart scenario :add cart has completedGB_15-1.0
2015-12-19 08:29:16 INFO  Search_Scenario:77 - The book searched has been found and selected GB_15 - 1.0
2015-12-19 08:29:19 INFO  Search_Scenario:80 - Buy now functionality completed GB_15 - 1.0
2015-12-19 08:29:20 INFO  Search_Scenario:84 - deleted book from the cartGB_15 - 1.0
2015-12-19 08:29:20 INFO  Search_Scenario:87 - Validation PASSED for  Cart scenario : delete search  completedGB_15-1.0
2015-12-19 08:29:22 INFO  Login_Scenario:20 - Starting invalid_login scenarioGB_01 1.0
2015-12-19 08:29:33 INFO  Login_Scenario:23 - Browser InitializedGB_01 1.0
2015-12-19 08:29:36 INFO  Login_Scenario:40 - The validation has passed
2015-12-19 08:29:37 INFO  Login_Scenario:48 - Completed invalid_login scenarioGB_01 1.0
2015-12-19 08:29:37 INFO  Login_Scenario:20 - Starting invalid_login scenarioGB_02 1.0
2015-12-19 08:29:48 INFO  Login_Scenario:23 - Browser InitializedGB_02 1.0
2015-12-19 08:29:52 INFO  Login_Scenario:40 - The validation has passed
2015-12-19 08:29:53 INFO  Login_Scenario:48 - Completed invalid_login scenarioGB_02 1.0
2015-12-19 08:29:53 INFO  Login_Scenario:53 - Starting valid_login scenarioGB_07 1.0
2015-12-19 08:30:04 INFO  Login_Scenario:55 - Browser Initialized for valid scenarioGB_07 1.0
2015-12-19 08:30:08 INFO  Login_Scenario:71 - The validation has passed for valid scenarioGB_07 1.0
2015-12-19 08:30:09 INFO  Search_Scenario:45 - Intializing browser for Search scenario : valid searchGB_09-1.0
2015-12-19 08:30:20 INFO  Search_Scenario:47 - Intializing browser for Search scenario : valid search has completedGB_09-1.0
2015-12-19 08:30:21 INFO  Search_Scenario:50 - Searching books has been complete for  Search scenario : valid search GB_09-1.0
2015-12-19 08:30:22 ERROR Search_Scenario:58 - The actual and expected doesn't match for valid searchGB_09-1.0
2015-12-19 08:30:23 INFO  Search_Scenario:45 - Intializing browser for Search scenario : valid searchGB_10-1.0
2015-12-19 08:30:34 INFO  Search_Scenario:47 - Intializing browser for Search scenario : valid search has completedGB_10-1.0
2015-12-19 08:30:35 INFO  Search_Scenario:50 - Searching books has been complete for  Search scenario : valid search GB_10-1.0
2015-12-19 08:30:37 ERROR Search_Scenario:58 - The actual and expected doesn't match for valid searchGB_10-1.0
2015-12-19 08:30:38 INFO  Search_Scenario:45 - Intializing browser for Search scenario : valid searchGB_11-1.0
2015-12-19 08:30:49 INFO  Search_Scenario:47 - Intializing browser for Search scenario : valid search has completedGB_11-1.0
2015-12-19 08:30:50 INFO  Search_Scenario:50 - Searching books has been complete for  Search scenario : valid search GB_11-1.0
2015-12-19 08:30:51 ERROR Search_Scenario:58 - The actual and expected doesn't match for valid searchGB_11-1.0
2015-12-19 08:30:52 INFO  Search_Scenario:16 - Intializing browser for Search scenario : invalid searchGB_08-1.0
2015-12-19 08:31:03 INFO  Search_Scenario:18 - Intializing browser for Search scenario : invalid search has completedGB_08-1.0
2015-12-19 08:31:03 INFO  Search_Scenario:21 - Searching books has been complete for  Search scenario : invalid search GB_08-1.0
2015-12-19 08:31:04 INFO  Search_Scenario:25 - Validation PASSED for  Search scenario : invalid search  completedGB_08-1.0
2015-12-19 08:31:04 INFO  Search_Scenario:35 - Validation for  Search scenario : invalid search  completedGB_08-1.0
2015-12-19 10:03:56 INFO  Search_Scenario:20 - Intializing browser for Cart scenario : add cartGB_12-1.0
2015-12-19 10:04:11 INFO  Search_Scenario:22 - Intializing browser for Cart scenario :add cart has completedGB_12-1.0
2015-12-19 10:04:16 ERROR Search_Scenario:27 - The user has failed to login, the page the user currently is rediff.com ! Books Online - GB_12 - 1.0
2015-12-19 10:04:17 INFO  Search_Scenario:60 - Intializing browser for Cart scenario : add cartGB_15-1.0
2015-12-19 10:04:28 INFO  Search_Scenario:62 - Intializing browser for Cart scenario :add cart has completedGB_15-1.0
2015-12-19 10:04:32 ERROR Search_Scenario:67 - The user has failed to login, the page the user currently is rediff.com ! Books Online - GB_15 - 1.0
2015-12-19 10:04:34 INFO  Login_Scenario:21 - Starting invalid_login scenarioGB_01 1.0
2015-12-19 10:04:44 INFO  Login_Scenario:24 - Browser InitializedGB_01 1.0
2015-12-19 10:04:49 INFO  Login_Scenario:41 - The validation has passed
2015-12-19 10:04:50 INFO  Login_Scenario:49 - Completed invalid_login scenarioGB_01 1.0
2015-12-19 10:04:50 INFO  Login_Scenario:21 - Starting invalid_login scenarioGB_02 1.0
2015-12-19 10:05:03 INFO  Login_Scenario:24 - Browser InitializedGB_02 1.0
2015-12-19 10:05:09 INFO  Login_Scenario:41 - The validation has passed
2015-12-19 10:05:12 INFO  Login_Scenario:49 - Completed invalid_login scenarioGB_02 1.0
2015-12-19 10:05:12 INFO  Login_Scenario:55 - Starting valid_login scenarioGB_07 1.0
2015-12-19 10:05:23 INFO  Login_Scenario:57 - Browser Initialized for valid scenarioGB_07 1.0
2015-12-19 10:05:27 ERROR Login_Scenario:62 - The user has failed to login, the page the user currently is rediff.com ! Books Online
2015-12-19 10:05:29 INFO  Search_Scenario:45 - Intializing browser for Search scenario : valid searchGB_09-1.0
2015-12-19 10:05:42 INFO  Search_Scenario:47 - Intializing browser for Search scenario : valid search has completedGB_09-1.0
2015-12-19 10:05:43 INFO  Search_Scenario:50 - Searching books has been complete for  Search scenario : valid search GB_09-1.0
2015-12-19 10:05:45 ERROR Search_Scenario:58 - The actual and expected doesn't match for valid searchGB_09-1.0
2015-12-19 10:05:47 INFO  Search_Scenario:45 - Intializing browser for Search scenario : valid searchGB_10-1.0
2015-12-19 10:06:06 INFO  Search_Scenario:47 - Intializing browser for Search scenario : valid search has completedGB_10-1.0
2015-12-19 10:06:06 INFO  Search_Scenario:50 - Searching books has been complete for  Search scenario : valid search GB_10-1.0
2015-12-19 10:06:09 ERROR Search_Scenario:58 - The actual and expected doesn't match for valid searchGB_10-1.0
2015-12-19 10:06:11 INFO  Search_Scenario:45 - Intializing browser for Search scenario : valid searchGB_11-1.0
2015-12-19 10:06:21 INFO  Search_Scenario:47 - Intializing browser for Search scenario : valid search has completedGB_11-1.0
2015-12-19 10:06:22 INFO  Search_Scenario:50 - Searching books has been complete for  Search scenario : valid search GB_11-1.0
2015-12-19 10:06:23 ERROR Search_Scenario:58 - The actual and expected doesn't match for valid searchGB_11-1.0
2015-12-19 10:06:24 INFO  Search_Scenario:16 - Intializing browser for Search scenario : invalid searchGB_08-1.0
2015-12-19 10:06:34 INFO  Search_Scenario:18 - Intializing browser for Search scenario : invalid search has completedGB_08-1.0
2015-12-19 10:06:35 INFO  Search_Scenario:21 - Searching books has been complete for  Search scenario : invalid search GB_08-1.0
2015-12-19 10:06:36 INFO  Search_Scenario:25 - Validation PASSED for  Search scenario : invalid search  completedGB_08-1.0
2015-12-19 10:06:36 INFO  Search_Scenario:35 - Validation for  Search scenario : invalid search  completedGB_08-1.0
2015-12-19 10:14:36 INFO  Login_Scenario:55 - Starting valid_login scenarioGB_07 1.0
2015-12-19 10:14:49 INFO  Login_Scenario:57 - Browser Initialized for valid scenarioGB_07 1.0
2015-12-19 10:14:53 ERROR Login_Scenario:62 - The user has failed to login, the page the user currently is rediff.com ! Books Online
2015-12-19 10:16:06 INFO  Login_Scenario:21 - Starting invalid_login scenarioGB_01 1.0
2015-12-19 10:16:17 INFO  Login_Scenario:24 - Browser InitializedGB_01 1.0
2015-12-19 10:16:21 INFO  Login_Scenario:41 - The validation has passed
2015-12-19 10:16:23 INFO  Login_Scenario:49 - Completed invalid_login scenarioGB_01 1.0
2015-12-19 10:16:23 INFO  Login_Scenario:21 - Starting invalid_login scenarioGB_02 1.0
2015-12-19 10:16:36 INFO  Login_Scenario:24 - Browser InitializedGB_02 1.0
2015-12-19 10:16:41 INFO  Login_Scenario:41 - The validation has passed
2015-12-19 10:16:43 INFO  Login_Scenario:49 - Completed invalid_login scenarioGB_02 1.0
2015-12-19 10:16:43 INFO  Login_Scenario:55 - Starting valid_login scenarioGB_07 1.0
2015-12-19 10:16:54 INFO  Login_Scenario:57 - Browser Initialized for valid scenarioGB_07 1.0
2015-12-19 10:16:59 INFO  Login_Scenario:73 - The validation has passed for valid scenarioGB_07 1.0
2015-12-19 10:46:34 INFO  Login_Scenario:21 - Starting invalid_login scenarioGB_01 1.0
2015-12-19 10:46:46 INFO  Login_Scenario:24 - Browser InitializedGB_01 1.0
2015-12-19 10:46:51 INFO  Login_Scenario:41 - The validation has passed
2015-12-19 10:46:53 INFO  Login_Scenario:49 - Completed invalid_login scenarioGB_01 1.0
2015-12-19 10:46:53 INFO  Login_Scenario:21 - Starting invalid_login scenarioGB_02 1.0
2015-12-19 10:47:04 INFO  Login_Scenario:24 - Browser InitializedGB_02 1.0
2015-12-19 10:47:08 INFO  Login_Scenario:41 - The validation has passed
2015-12-19 10:47:10 INFO  Login_Scenario:49 - Completed invalid_login scenarioGB_02 1.0
2015-12-19 10:47:10 INFO  Login_Scenario:55 - Starting valid_login scenarioGB_07 1.0
2015-12-19 10:47:22 INFO  Login_Scenario:57 - Browser Initialized for valid scenarioGB_07 1.0
2015-12-19 10:47:29 INFO  Login_Scenario:73 - The validation has passed for valid scenarioGB_07 1.0
2015-12-19 10:48:25 INFO  Login_Scenario:21 - Starting invalid_login scenarioGB_01 1.0
2015-12-19 10:48:37 INFO  Login_Scenario:24 - Browser InitializedGB_01 1.0
2015-12-19 10:48:42 INFO  Login_Scenario:41 - The validation has passed
2015-12-19 10:48:43 INFO  Login_Scenario:49 - Completed invalid_login scenarioGB_01 1.0
2015-12-19 10:48:43 INFO  Login_Scenario:21 - Starting invalid_login scenarioGB_02 1.0
2015-12-19 10:48:54 INFO  Login_Scenario:24 - Browser InitializedGB_02 1.0
2015-12-19 10:48:58 INFO  Login_Scenario:41 - The validation has passed
2015-12-19 10:49:00 INFO  Login_Scenario:49 - Completed invalid_login scenarioGB_02 1.0
2015-12-19 10:49:00 INFO  Login_Scenario:55 - Starting valid_login scenarioGB_07 1.0
2015-12-19 10:49:10 INFO  Login_Scenario:57 - Browser Initialized for valid scenarioGB_07 1.0
2015-12-19 10:49:14 INFO  Login_Scenario:73 - The validation has passed for valid scenarioGB_07 1.0
